This file contains any messages produced by compilers while
running configure, to aid debugging if configure makes a mistake.

It was created by xtables-addons configure 1.21, which was
generated by GNU Autoconf 2.63.  Invocation command line was

  $ ./configure --build x86_64-linux-gnu --prefix=/usr --mandir=${prefix}/share/man --infodir=${prefix}/share/info --libexecdir=/lib

## --------- ##
## Platform. ##
## --------- ##

hostname = piche2
uname -m = x86_64
uname -r = 2.6.32-trunk-amd64
uname -s = Linux
uname -v = #1 SMP Sat Dec 26 17:13:29 UTC 2009

/usr/bin/uname -p = unknown
/bin/uname -X     = unknown

/bin/arch              = unknown
/usr/bin/arch -k       = unknown
/usr/convex/getsysinfo = unknown
/usr/bin/hostinfo      = unknown
/bin/machine           = unknown
/usr/bin/oslevel       = unknown
/bin/universe          = unknown

PATH: /usr/share/modass/gcc
PATH: /usr/lib/ccache
PATH: /usr/local/bin
PATH: /usr/bin
PATH: /bin
PATH: /usr/bin/X11
PATH: /usr/games
PATH: /home/pollux/bin
PATH: /usr/lib/openoffice/program


## ----------- ##
## Core tests. ##
## ----------- ##

configure:2095: checking for a BSD-compatible install
configure:2163: result: /usr/bin/install -c
configure:2176: checking whether build environment is sane
configure:2236: result: yes
configure:2377: checking for a thread-safe mkdir -p
configure:2416: result: /bin/mkdir -p
configure:2429: checking for gawk
configure:2445: found /usr/bin/gawk
configure:2456: result: gawk
configure:2467: checking whether make sets $(MAKE)
configure:2489: result: yes
configure:2631: checking for gcc
configure:2658: result: gcc
configure:2890: checking for C compiler version
configure:2898: gcc --version >&5
gcc (Debian 4.4.3-1) 4.4.3
Copyright (C) 2010 Free Software Foundation, Inc.
This is free software; see the source for copying conditions.  There is NO
warranty; not even for MERCHANTABILITY or FITNESS FOR A PARTICULAR PURPOSE.

configure:2902: $? = 0
configure:2909: gcc -v >&5
Using built-in specs.
Target: x86_64-linux-gnu
Configured with: ../src/configure -v --with-pkgversion='Debian 4.4.3-1' --with-bugurl=file:///usr/share/doc/gcc-4.4/README.Bugs --enable-languages=c,c++,fortran,objc,obj-c++ --prefix=/usr --enable-shared --enable-multiarch --enable-linker-build-id --with-system-zlib --libexecdir=/usr/lib --without-included-gettext --enable-threads=posix --with-gxx-include-dir=/usr/include/c++/4.4 --program-suffix=-4.4 --enable-nls --enable-clocale=gnu --enable-libstdcxx-debug --enable-objc-gc --with-arch-32=i486 --with-tune=generic --enable-checking=release --build=x86_64-linux-gnu --host=x86_64-linux-gnu --target=x86_64-linux-gnu
Thread model: posix
gcc version 4.4.3 (Debian 4.4.3-1) 
configure:2913: $? = 0
configure:2920: gcc -V >&5
gcc: '-V' option must have argument
configure:2924: $? = 1
configure:2947: checking for C compiler default output file name
configure:2969: gcc    conftest.c  >&5
configure:2973: $? = 0
configure:3011: result: a.out
configure:3030: checking whether the C compiler works
configure:3040: ./a.out
configure:3044: $? = 0
configure:3063: result: yes
configure:3070: checking whether we are cross compiling
configure:3072: result: no
configure:3075: checking for suffix of executables
configure:3082: gcc -o conftest    conftest.c  >&5
configure:3086: $? = 0
configure:3112: result: 
configure:3118: checking for suffix of object files
configure:3144: gcc -c   conftest.c >&5
configure:3148: $? = 0
configure:3173: result: o
configure:3177: checking whether we are using the GNU C compiler
configure:3206: gcc -c   conftest.c >&5
configure:3213: $? = 0
configure:3230: result: yes
configure:3239: checking whether gcc accepts -g
configure:3269: gcc -c -g  conftest.c >&5
configure:3276: $? = 0
configure:3377: result: yes
configure:3394: checking for gcc option to accept ISO C89
configure:3468: gcc  -c -g -O2  conftest.c >&5
configure:3475: $? = 0
configure:3498: result: none needed
configure:3527: checking for style of include used by make
configure:3555: result: GNU
configure:3580: checking dependency style of gcc
configure:3690: result: gcc3
configure:3706: checking whether gcc and cc understand -c and -o together
configure:3741: gcc -c conftest.c -o conftest2.o >&5
configure:3745: $? = 0
configure:3751: gcc -c conftest.c -o conftest2.o >&5
configure:3755: $? = 0
configure:3766: cc -c conftest.c >&5
configure:3770: $? = 0
configure:3778: cc -c conftest.c -o conftest2.o >&5
configure:3782: $? = 0
configure:3788: cc -c conftest.c -o conftest2.o >&5
configure:3792: $? = 0
configure:3810: result: yes
configure:3899: checking build system type
configure:3917: result: x86_64-pc-linux-gnu
configure:3939: checking host system type
configure:3954: result: x86_64-pc-linux-gnu
configure:3976: checking for a sed that does not truncate output
configure:4042: result: /bin/sed
configure:4060: checking for grep that handles long lines and -e
configure:4120: result: /bin/grep
configure:4125: checking for egrep
configure:4189: result: /bin/grep -E
configure:4194: checking for fgrep
configure:4258: result: /bin/grep -F
configure:4293: checking for ld used by gcc
configure:4360: result: /usr/bin/ld
configure:4369: checking if the linker (/usr/bin/ld) is GNU ld
configure:4384: result: yes
configure:4396: checking for BSD- or MS-compatible name lister (nm)
configure:4445: result: /usr/bin/nm -B
configure:4563: checking the name lister (/usr/bin/nm -B) interface
configure:4570: gcc -c -g -O2  conftest.c >&5
configure:4573: /usr/bin/nm -B "conftest.o"
configure:4576: output
0000000000000000 B some_variable
configure:4583: result: BSD nm
configure:4586: checking whether ln -s works
configure:4590: result: yes
configure:4598: checking the maximum length of command line arguments
configure:4718: result: 3458764513820540925
configure:4735: checking whether the shell understands some XSI constructs
configure:4745: result: yes
configure:4749: checking whether the shell understands "+="
configure:4755: result: yes
configure:4790: checking for /usr/bin/ld option to reload object files
configure:4797: result: -r
configure:4866: checking for objdump
configure:4882: found /usr/bin/objdump
configure:4893: result: objdump
configure:4925: checking how to recognize dependent libraries
configure:5121: result: pass_all
configure:5181: checking for ar
configure:5197: found /usr/bin/ar
configure:5208: result: ar
configure:5286: checking for strip
configure:5302: found /usr/bin/strip
configure:5313: result: strip
configure:5385: checking for ranlib
configure:5401: found /usr/bin/ranlib
configure:5412: result: ranlib
configure:5502: checking command to parse /usr/bin/nm -B output from gcc object
configure:5620: gcc -c -g -O2  conftest.c >&5
configure:5623: $? = 0
configure:5627: /usr/bin/nm -B conftest.o \| sed -n -e 's/^.*[	 ]\([ABCDGIRSTW][ABCDGIRSTW]*\)[	 ][	 ]*\([_A-Za-z][_A-Za-z0-9]*\)$/\1 \2 \2/p' \> conftest.nm
configure:5630: $? = 0
configure:5684: gcc -o conftest -g -O2   conftest.c conftstm.o >&5
configure:5687: $? = 0
configure:5725: result: ok
configure:5821: gcc -c -g -O2  conftest.c >&5
configure:5824: $? = 0
configure:6592: checking how to run the C preprocessor
configure:6632: gcc -E  conftest.c
configure:6639: $? = 0
configure:6670: gcc -E  conftest.c
conftest.c:10:28: error: ac_nonexistent.h: No such file or directory
configure:6677: $? = 1
configure: failed program was:
| /* confdefs.h.  */
| #define PACKAGE_NAME "xtables-addons"
| #define PACKAGE_TARNAME "xtables-addons"
| #define PACKAGE_VERSION "1.21"
| #define PACKAGE_STRING "xtables-addons 1.21"
| #define PACKAGE_BUGREPORT ""
| #define PACKAGE "xtables-addons"
| #define VERSION "1.21"
| /* end confdefs.h.  */
| #include <ac_nonexistent.h>
configure:6710: result: gcc -E
configure:6739: gcc -E  conftest.c
configure:6746: $? = 0
configure:6777: gcc -E  conftest.c
conftest.c:10:28: error: ac_nonexistent.h: No such file or directory
configure:6784: $? = 1
configure: failed program was:
| /* confdefs.h.  */
| #define PACKAGE_NAME "xtables-addons"
| #define PACKAGE_TARNAME "xtables-addons"
| #define PACKAGE_VERSION "1.21"
| #define PACKAGE_STRING "xtables-addons 1.21"
| #define PACKAGE_BUGREPORT ""
| #define PACKAGE "xtables-addons"
| #define VERSION "1.21"
| /* end confdefs.h.  */
| #include <ac_nonexistent.h>
configure:6824: checking for ANSI C header files
configure:6854: gcc -c -g -O2  conftest.c >&5
configure:6861: $? = 0
configure:6960: gcc -o conftest -g -O2   conftest.c  >&5
configure:6964: $? = 0
configure:6970: ./conftest
configure:6974: $? = 0
configure:6992: result: yes
configure:7016: checking for sys/types.h
configure:7037: gcc -c -g -O2  conftest.c >&5
configure:7044: $? = 0
configure:7061: result: yes
configure:7016: checking for sys/stat.h
configure:7037: gcc -c -g -O2  conftest.c >&5
configure:7044: $? = 0
configure:7061: result: yes
configure:7016: checking for stdlib.h
configure:7037: gcc -c -g -O2  conftest.c >&5
configure:7044: $? = 0
configure:7061: result: yes
configure:7016: checking for string.h
configure:7037: gcc -c -g -O2  conftest.c >&5
configure:7044: $? = 0
configure:7061: result: yes
configure:7016: checking for memory.h
configure:7037: gcc -c -g -O2  conftest.c >&5
configure:7044: $? = 0
configure:7061: result: yes
configure:7016: checking for strings.h
configure:7037: gcc -c -g -O2  conftest.c >&5
configure:7044: $? = 0
configure:7061: result: yes
configure:7016: checking for inttypes.h
configure:7037: gcc -c -g -O2  conftest.c >&5
configure:7044: $? = 0
configure:7061: result: yes
configure:7016: checking for stdint.h
configure:7037: gcc -c -g -O2  conftest.c >&5
configure:7044: $? = 0
configure:7061: result: yes
configure:7016: checking for unistd.h
configure:7037: gcc -c -g -O2  conftest.c >&5
configure:7044: $? = 0
configure:7061: result: yes
configure:7079: checking for dlfcn.h
configure:7100: gcc -c -g -O2  conftest.c >&5
configure:7107: $? = 0
configure:7124: result: yes
configure:7280: checking for objdir
configure:7295: result: .libs
configure:7591: checking if gcc supports -fno-rtti -fno-exceptions
configure:7609: gcc -c -g -O2  -fno-rtti -fno-exceptions conftest.c >&5
cc1: warning: command line option "-fno-rtti" is valid for C++/ObjC++ but not for C
cc1: warning: command line option "-fno-rtti" is valid for C++/ObjC++ but not for C
configure:7613: $? = 0
configure:7626: result: no
configure:7646: checking for gcc option to produce PIC
configure:7918: result: -fPIC -DPIC
configure:7930: checking if gcc PIC flag -fPIC -DPIC works
configure:7948: gcc -c -g -O2  -fPIC -DPIC -DPIC conftest.c >&5
configure:7952: $? = 0
configure:7965: result: yes
configure:7989: checking if gcc static flag -static works
configure:8017: result: yes
configure:8032: checking if gcc supports -c -o file.o
configure:8053: gcc -c -g -O2  -o out/conftest2.o conftest.c >&5
configure:8057: $? = 0
configure:8079: result: yes
configure:8087: checking if gcc supports -c -o file.o
configure:8134: result: yes
configure:8167: checking whether the gcc linker (/usr/bin/ld -m elf_x86_64) supports shared libraries
configure:9241: result: yes
configure:9278: checking whether -lc should be explicitly linked in
configure:9283: gcc -c -g -O2  conftest.c >&5
configure:9286: $? = 0
configure:9301: gcc -shared conftest.o  -v -Wl,-soname -Wl,conftest -o conftest 2\>\&1 \| /bin/grep  -lc  \>/dev/null 2\>\&1
configure:9304: $? = 0
configure:9316: result: no
configure:9480: checking dynamic linker characteristics
configure:9923: gcc -o conftest -g -O2   -Wl,-rpath -Wl,/foo conftest.c  >&5
configure:9930: $? = 0
configure:10163: result: GNU/Linux ld.so
configure:10265: checking how to hardcode library paths into programs
configure:10290: result: immediate
configure:11123: checking whether stripping libraries is possible
configure:11128: result: yes
configure:11163: checking if libtool supports shared libraries
configure:11165: result: yes
configure:11168: checking whether to build shared libraries
configure:11189: result: yes
configure:11192: checking whether to build static libraries
configure:11196: result: no
configure:11345: checking for pkg-config
configure:11363: found /usr/bin/pkg-config
configure:11375: result: /usr/bin/pkg-config
configure:11400: checking pkg-config is at least version 0.9.0
configure:11403: result: yes
configure:11414: checking for libxtables
configure:11421: $PKG_CONFIG --exists --print-errors "xtables >= 1.4.3"
configure:11424: $? = 0
configure:11437: $PKG_CONFIG --exists --print-errors "xtables >= 1.4.3"
configure:11440: $? = 0
configure:11517: result: yes
configure:11538: checking linux/netfilter/x_tables.h usability
configure:11555: gcc -c -g -O2  conftest.c >&5
configure:11562: $? = 0
configure:11576: result: yes
configure:11580: checking linux/netfilter/x_tables.h presence
configure:11595: gcc -E  conftest.c
configure:11602: $? = 0
configure:11616: result: yes
configure:11644: checking for linux/netfilter/x_tables.h
configure:11653: result: yes
configure:11850: creating ./config.status

## ---------------------- ##
## Running config.status. ##
## ---------------------- ##

This file was extended by xtables-addons config.status 1.21, which was
generated by GNU Autoconf 2.63.  Invocation command line was

  CONFIG_FILES    = 
  CONFIG_HEADERS  = 
  CONFIG_LINKS    = 
  CONFIG_COMMANDS = 
  $ ./config.status 

on piche2

config.status:1001: creating Makefile
config.status:1001: creating Makefile.iptrules
config.status:1001: creating Makefile.mans
config.status:1001: creating extensions/Makefile
config.status:1001: creating extensions/ACCOUNT/Makefile
config.status:1001: creating extensions/ipset/Makefile
config.status:1001: creating extensions/pknock/Makefile
config.status:1001: creating config.h
config.status:1275: executing depfiles commands
config.status:1275: executing libtool commands

## ---------------- ##
## Cache variables. ##
## ---------------- ##

ac_cv_build=x86_64-pc-linux-gnu
ac_cv_c_compiler_gnu=yes
ac_cv_env_CC_set=set
ac_cv_env_CC_value=gcc
ac_cv_env_CFLAGS_set=
ac_cv_env_CFLAGS_value=
ac_cv_env_CPPFLAGS_set=
ac_cv_env_CPPFLAGS_value=
ac_cv_env_CPP_set=
ac_cv_env_CPP_value=
ac_cv_env_LDFLAGS_set=
ac_cv_env_LDFLAGS_value=
ac_cv_env_LIBS_set=
ac_cv_env_LIBS_value=
ac_cv_env_PKG_CONFIG_set=
ac_cv_env_PKG_CONFIG_value=
ac_cv_env_build_alias_set=set
ac_cv_env_build_alias_value=x86_64-linux-gnu
ac_cv_env_host_alias_set=
ac_cv_env_host_alias_value=
ac_cv_env_libxtables_CFLAGS_set=
ac_cv_env_libxtables_CFLAGS_value=
ac_cv_env_libxtables_LIBS_set=
ac_cv_env_libxtables_LIBS_value=
ac_cv_env_target_alias_set=
ac_cv_env_target_alias_value=
ac_cv_header_dlfcn_h=yes
ac_cv_header_inttypes_h=yes
ac_cv_header_linux_netfilter_x_tables_h=yes
ac_cv_header_memory_h=yes
ac_cv_header_stdc=yes
ac_cv_header_stdint_h=yes
ac_cv_header_stdlib_h=yes
ac_cv_header_string_h=yes
ac_cv_header_strings_h=yes
ac_cv_header_sys_stat_h=yes
ac_cv_header_sys_types_h=yes
ac_cv_header_unistd_h=yes
ac_cv_host=x86_64-pc-linux-gnu
ac_cv_objext=o
ac_cv_path_EGREP='/bin/grep -E'
ac_cv_path_FGREP='/bin/grep -F'
ac_cv_path_GREP=/bin/grep
ac_cv_path_SED=/bin/sed
ac_cv_path_ac_pt_PKG_CONFIG=/usr/bin/pkg-config
ac_cv_path_install='/usr/bin/install -c'
ac_cv_path_mkdir=/bin/mkdir
ac_cv_prog_AWK=gawk
ac_cv_prog_CPP='gcc -E'
ac_cv_prog_ac_ct_AR=ar
ac_cv_prog_ac_ct_CC=gcc
ac_cv_prog_ac_ct_OBJDUMP=objdump
ac_cv_prog_ac_ct_RANLIB=ranlib
ac_cv_prog_ac_ct_STRIP=strip
ac_cv_prog_cc_c89=
ac_cv_prog_cc_g=yes
ac_cv_prog_cc_gcc_c_o=yes
ac_cv_prog_make_make_set=yes
am_cv_CC_dependencies_compiler_type=gcc3
lt_cv_deplibs_check_method=pass_all
lt_cv_file_magic_cmd='$MAGIC_CMD'
lt_cv_file_magic_test_file=
lt_cv_ld_reload_flag=-r
lt_cv_nm_interface='BSD nm'
lt_cv_objdir=.libs
lt_cv_path_LD=/usr/bin/ld
lt_cv_path_NM='/usr/bin/nm -B'
lt_cv_prog_compiler_c_o=yes
lt_cv_prog_compiler_pic_works=yes
lt_cv_prog_compiler_rtti_exceptions=no
lt_cv_prog_compiler_static_works=yes
lt_cv_prog_gnu_ld=yes
lt_cv_sys_global_symbol_pipe='sed -n -e '\''s/^.*[	 ]\([ABCDGIRSTW][ABCDGIRSTW]*\)[	 ][	 ]*\([_A-Za-z][_A-Za-z0-9]*\)$/\1 \2 \2/p'\'''
lt_cv_sys_global_symbol_to_c_name_address='sed -n -e '\''s/^: \([^ ]*\) $/  {\"\1\", (void *) 0},/p'\'' -e '\''s/^[ABCDGIRSTW]* \([^ ]*\) \([^ ]*\)$/  {"\2", (void *) \&\2},/p'\'''
lt_cv_sys_global_symbol_to_c_name_address_lib_prefix='sed -n -e '\''s/^: \([^ ]*\) $/  {\"\1\", (void *) 0},/p'\'' -e '\''s/^[ABCDGIRSTW]* \([^ ]*\) \(lib[^ ]*\)$/  {"\2", (void *) \&\2},/p'\'' -e '\''s/^[ABCDGIRSTW]* \([^ ]*\) \([^ ]*\)$/  {"lib\2", (void *) \&\2},/p'\'''
lt_cv_sys_global_symbol_to_cdecl='sed -n -e '\''s/^T .* \(.*\)$/extern int \1();/p'\'' -e '\''s/^[ABCDGIRSTW]* .* \(.*\)$/extern char \1;/p'\'''
lt_cv_sys_max_cmd_len=3458764513820540925
pkg_cv_libxtables_CFLAGS=' '
pkg_cv_libxtables_LIBS='-L/lib -lxtables  '

## ----------------- ##
## Output variables. ##
## ----------------- ##

ACLOCAL='${SHELL} /home/pollux/DEBIAN/XTABLES-ADDONS/xtables-addons/missing --run aclocal-1.11'
AMDEPBACKSLASH='\'
AMDEP_FALSE='#'
AMDEP_TRUE=''
AMTAR='${SHELL} /home/pollux/DEBIAN/XTABLES-ADDONS/xtables-addons/missing --run tar'
AM_BACKSLASH='\'
AM_DEFAULT_VERBOSITY='0'
AR='ar'
AUTOCONF='${SHELL} /home/pollux/DEBIAN/XTABLES-ADDONS/xtables-addons/missing --run autoconf'
AUTOHEADER='${SHELL} /home/pollux/DEBIAN/XTABLES-ADDONS/xtables-addons/missing --run autoheader'
AUTOMAKE='${SHELL} /home/pollux/DEBIAN/XTABLES-ADDONS/xtables-addons/missing --run automake-1.11'
AWK='gawk'
CC='gcc'
CCDEPMODE='depmode=gcc3'
CFLAGS='-g -O2'
CPP='gcc -E'
CPPFLAGS=''
CYGPATH_W='echo'
DEFS='-DHAVE_CONFIG_H'
DEPDIR='.deps'
DSYMUTIL=''
DUMPBIN=''
ECHO_C=''
ECHO_N='-n'
ECHO_T=''
EGREP='/bin/grep -E'
EXEEXT=''
FGREP='/bin/grep -F'
GREP='/bin/grep'
INSTALL_DATA='${INSTALL} -m 644'
INSTALL_PROGRAM='${INSTALL}'
INSTALL_SCRIPT='${INSTALL}'
INSTALL_STRIP_PROGRAM='$(install_sh) -c -s'
LD='/usr/bin/ld -m elf_x86_64'
LDFLAGS=''
LIBOBJS=''
LIBS=''
LIBTOOL='$(SHELL) $(top_builddir)/libtool'
LIPO=''
LN_S='ln -s'
LTLIBOBJS=''
MAKEINFO='${SHELL} /home/pollux/DEBIAN/XTABLES-ADDONS/xtables-addons/missing --run makeinfo'
MKDIR_P='/bin/mkdir -p'
NM='/usr/bin/nm -B'
NMEDIT=''
OBJDUMP='objdump'
OBJEXT='o'
OTOOL64=''
OTOOL=''
PACKAGE='xtables-addons'
PACKAGE_BUGREPORT=''
PACKAGE_NAME='xtables-addons'
PACKAGE_STRING='xtables-addons 1.21'
PACKAGE_TARNAME='xtables-addons'
PACKAGE_VERSION='1.21'
PATH_SEPARATOR=':'
PKG_CONFIG='/usr/bin/pkg-config'
RANLIB='ranlib'
SED='/bin/sed'
SET_MAKE=''
SHELL='/bin/sh'
STRIP='strip'
VERSION='1.21'
ac_ct_CC='gcc'
ac_ct_DUMPBIN=''
am__EXEEXT_FALSE=''
am__EXEEXT_TRUE='#'
am__fastdepCC_FALSE='#'
am__fastdepCC_TRUE=''
am__include='include'
am__isrc=''
am__leading_dot='.'
am__quote=''
am__tar='${AMTAR} chof - "$$tardir"'
am__untar='${AMTAR} xf -'
bindir='${exec_prefix}/bin'
build='x86_64-pc-linux-gnu'
build_alias='x86_64-linux-gnu'
build_cpu='x86_64'
build_os='linux-gnu'
build_vendor='pc'
datadir='${datarootdir}'
datarootdir='${prefix}/share'
docdir='${datarootdir}/doc/${PACKAGE_TARNAME}'
dvidir='${docdir}'
exec_prefix='${prefix}'
host='x86_64-pc-linux-gnu'
host_alias=''
host_cpu='x86_64'
host_os='linux-gnu'
host_vendor='pc'
htmldir='${docdir}'
includedir='${prefix}/include'
infodir='${prefix}/share/info'
install_sh='${SHELL} /home/pollux/DEBIAN/XTABLES-ADDONS/xtables-addons/install-sh'
kbuilddir='/lib/modules/2.6.32-trunk-amd64/build'
kinclude_CFLAGS=' -I /lib/modules/2.6.32-trunk-amd64/build/include'
ksourcedir=''
libdir='${exec_prefix}/lib'
libexecdir='/lib'
libxtables_CFLAGS=' '
libxtables_LIBS='-L/lib -lxtables  '
localedir='${datarootdir}/locale'
localstatedir='${prefix}/var'
lt_ECHO='echo'
mandir='${prefix}/share/man'
mkdir_p='/bin/mkdir -p'
oldincludedir='/usr/include'
pdfdir='${docdir}'
prefix='/usr'
program_transform_name='s,x,x,'
psdir='${docdir}'
regular_CFLAGS='-D_LARGEFILE_SOURCE=1 -D_LARGE_FILES -D_FILE_OFFSET_BITS=64 	-D_REENTRANT -Wall -Waggregate-return -Wmissing-declarations 	-Wmissing-prototypes -Wredundant-decls -Wshadow -Wstrict-prototypes 	-Winline -pipe -DXTABLES_LIBDIR=\"${xtlibdir}\"'
sbindir='${exec_prefix}/sbin'
sharedstatedir='${prefix}/com'
sysconfdir='${prefix}/etc'
target_alias=''
xtlibdir='${libexecdir}/xtables'

## ----------- ##
## confdefs.h. ##
## ----------- ##

#define PACKAGE_NAME "xtables-addons"
#define PACKAGE_TARNAME "xtables-addons"
#define PACKAGE_VERSION "1.21"
#define PACKAGE_STRING "xtables-addons 1.21"
#define PACKAGE_BUGREPORT ""
#define PACKAGE "xtables-addons"
#define VERSION "1.21"
#define STDC_HEADERS 1
#define HAVE_SYS_TYPES_H 1
#define HAVE_SYS_STAT_H 1
#define HAVE_STDLIB_H 1
#define HAVE_STRING_H 1
#define HAVE_MEMORY_H 1
#define HAVE_STRINGS_H 1
#define HAVE_INTTYPES_H 1
#define HAVE_STDINT_H 1
#define HAVE_UNISTD_H 1
#define HAVE_DLFCN_H 1
#define LT_OBJDIR ".libs/"
#define HAVE_LINUX_NETFILTER_X_TABLES_H 1

configure: exit 0
